SLF4J: Class path contains multiple SLF4J bindings.
SLF4J: Found binding in [jar:file:/D:/Programmes/Eclipse/Java_11/eclipse/plugins/org.eclipse.m2e.maven.runtime.slf4j.simple_1.16.0.20200610-1735/jars/slf4j-simple-1.7.5.jar!/org/slf4j/impl/StaticLoggerBinder.class]
SLF4J: Found binding in [file:/D:/Programmes/Eclipse/Java_11/eclipse/configuration/org.eclipse.osgi/5/0/.cp/org/slf4j/impl/StaticLoggerBinder.class]
SLF4J: See http://www.slf4j.org/codes.html#multiple_bindings for an explanation.
SLF4J: Actual binding is of type [org.slf4j.impl.SimpleLoggerFactory]
SLF4J: Class path contains multiple SLF4J bindings.
SLF4J: Found binding in [jar:file:/D:/Programmes/Eclipse/Java_11/eclipse/plugins/org.eclipse.m2e.maven.runtime.slf4j.simple_1.16.0.20200610-1735/jars/slf4j-simple-1.7.5.jar!/org/slf4j/impl/StaticLoggerBinder.class]
SLF4J: Found binding in [file:/D:/Programmes/Eclipse/Java_11/eclipse/configuration/org.eclipse.osgi/5/0/.cp/org/slf4j/impl/StaticLoggerBinder.class]
SLF4J: See http://www.slf4j.org/codes.html#multiple_bindings for an explanation.
SLF4J: Actual binding is of type [org.slf4j.impl.SimpleLoggerFactory]
[INFO] Scanning for projects...
[INFO] Computing target platform for MavenProject: org.bpy.score:org.bpy.score.reports:1.0.0-SNAPSHOT @ E:\Perso\Dev\Download\perso\projet\Statcrew3\org.bpy.score.reports.parent\org.bpy.score.reports\pom.xml
[INFO] Downloading from : https://mvnrepository.com/artifact/org.jacoco/jacoco-maven-plugin/com/itextpdf/itextpdf/5.0.6/itextpdf-5.0.6.pom
[INFO] Downloading from : https://repo.maven.apache.org/maven2/com/itextpdf/itextpdf/5.0.6/itextpdf-5.0.6.pom
[INFO] Downloaded from : https://repo.maven.apache.org/maven2/com/itextpdf/itextpdf/5.0.6/itextpdf-5.0.6.pom (3.0 kB at 4.9 kB/s)
[INFO] Downloading from : https://mvnrepository.com/artifact/org.jacoco/jacoco-maven-plugin/org/bouncycastle/bcmail-jdk14/1.38/bcmail-jdk14-1.38.pom
[INFO] Downloading from : https://repo.maven.apache.org/maven2/org/bouncycastle/bcmail-jdk14/1.38/bcmail-jdk14-1.38.pom
[INFO] Downloaded from : https://repo.maven.apache.org/maven2/org/bouncycastle/bcmail-jdk14/1.38/bcmail-jdk14-1.38.pom (1.2 kB at 5.7 kB/s)
[INFO] Downloading from : https://mvnrepository.com/artifact/org.jacoco/jacoco-maven-plugin/org/bouncycastle/bcprov-jdk14/1.38/bcprov-jdk14-1.38.pom
[INFO] Downloading from : https://repo.maven.apache.org/maven2/org/bouncycastle/bcprov-jdk14/1.38/bcprov-jdk14-1.38.pom
[INFO] Downloaded from : https://repo.maven.apache.org/maven2/org/bouncycastle/bcprov-jdk14/1.38/bcprov-jdk14-1.38.pom (819 B at 8.8 kB/s)
[INFO] Downloading from : https://mvnrepository.com/artifact/org.jacoco/jacoco-maven-plugin/org/bouncycastle/bctsp-jdk14/1.38/bctsp-jdk14-1.38.pom
[INFO] Downloading from : https://repo.maven.apache.org/maven2/org/bouncycastle/bctsp-jdk14/1.38/bctsp-jdk14-1.38.pom
[INFO] Downloaded from : https://repo.maven.apache.org/maven2/org/bouncycastle/bctsp-jdk14/1.38/bctsp-jdk14-1.38.pom (1.3 kB at 7.8 kB/s)
[INFO] Downloading from : https://mvnrepository.com/artifact/org.jacoco/jacoco-maven-plugin/org/bouncycastle/bctsp-jdk14/1.38/bctsp-jdk14-1.38.jar
[INFO] Downloading from : https://mvnrepository.com/artifact/org.jacoco/jacoco-maven-plugin/org/bouncycastle/bcprov-jdk14/1.38/bcprov-jdk14-1.38.jar
[INFO] Downloading from : https://mvnrepository.com/artifact/org.jacoco/jacoco-maven-plugin/com/itextpdf/itextpdf/5.0.6/itextpdf-5.0.6.jar
[INFO] Downloading from : https://mvnrepository.com/artifact/org.jacoco/jacoco-maven-plugin/org/bouncycastle/bcmail-jdk14/1.38/bcmail-jdk14-1.38.jar
[INFO] Downloading from : https://repo.maven.apache.org/maven2/org/bouncycastle/bctsp-jdk14/1.38/bctsp-jdk14-1.38.jar
[INFO] Downloading from : https://repo.maven.apache.org/maven2/com/itextpdf/itextpdf/5.0.6/itextpdf-5.0.6.jar
[INFO] Downloading from : https://repo.maven.apache.org/maven2/org/bouncycastle/bcprov-jdk14/1.38/bcprov-jdk14-1.38.jar
[INFO] Downloading from : https://repo.maven.apache.org/maven2/org/bouncycastle/bcmail-jdk14/1.38/bcmail-jdk14-1.38.jar
[INFO] Downloaded from : https://repo.maven.apache.org/maven2/org/bouncycastle/bctsp-jdk14/1.38/bctsp-jdk14-1.38.jar (23 kB at 11 kB/s)
[INFO] Downloaded from : https://repo.maven.apache.org/maven2/org/bouncycastle/bcprov-jdk14/1.38/bcprov-jdk14-1.38.jar (1.6 MB at 765 kB/s)
[INFO] Downloaded from : https://repo.maven.apache.org/maven2/org/bouncycastle/bcmail-jdk14/1.38/bcmail-jdk14-1.38.jar (192 kB at 95 kB/s)
[INFO] Downloaded from : https://repo.maven.apache.org/maven2/com/itextpdf/itextpdf/5.0.6/itextpdf-5.0.6.jar (1.6 MB at 769 kB/s)
[INFO] Maven Artifact com.itextpdf:itextpdf:5.0.6 is not a bundle and will be ignored, automatic wrapping of such artifacts can be enabled with <pomDependencies>use</pomDependencies> in target platform configuration.
[INFO] Maven Artifact org.bouncycastle:bcmail-jdk14:1.38 is not a bundle and will be ignored, automatic wrapping of such artifacts can be enabled with <pomDependencies>use</pomDependencies> in target platform configuration.
[INFO] Maven Artifact org.bouncycastle:bcprov-jdk14:1.38 is not a bundle and will be ignored, automatic wrapping of such artifacts can be enabled with <pomDependencies>use</pomDependencies> in target platform configuration.
[INFO] Maven Artifact org.bouncycastle:bctsp-jdk14:1.38 is not a bundle and will be ignored, automatic wrapping of such artifacts can be enabled with <pomDependencies>use</pomDependencies> in target platform configuration.
[WARNING] Target location path 'E:\Perso\Dev\Download\perso\projet\Statcrew3\org.bpy.score.reports.parent\${eclipse_home}' does not exits, target resoloution might be incomplete.
[INFO] Performing subquery
[INFO] Fetching p2.index from http://download.eclipse.org/releases/2020-09/ (122B)
[INFO] Adding repository http://download.eclipse.org/releases/2020-09
[INFO] Fetching p2.index from http://download.eclipse.org/technology/epp/packages/2020-09/ (128B)
[INFO] Fetching p2.index from http://download.eclipse.org/releases/2020-09/202009161000/ (142B)
[INFO] Adding repository https://download.eclipse.org/justj/jres/11/updates/release/latest
[INFO] Fetching p2.index from https://download.eclipse.org/justj/jres/11/updates/release/11.0.2/ (172B)
[INFO] Resolving dependencies of MavenProject: org.bpy.score:org.bpy.score.reports:1.0.0-SNAPSHOT @ E:\Perso\Dev\Download\perso\projet\Statcrew3\org.bpy.score.reports.parent\org.bpy.score.reports\pom.xml
[WARNING] The following locally built units have been used to resolve project dependencies:
[WARNING]   org.bpy.score.graphics/1.0.0.202011170544
[WARNING]   org.bpy.score.engine/1.0.0.202011170544
[WARNING]   org.bpy.score.game.ui/1.0.0.202011170544
[WARNING]   org.bpy.score.game.ide/1.0.0.202011170544
[WARNING]   org.bpy.score.game/1.0.0.202011170544
[WARNING]   org.bpy.score.club/1.0.0.202011170544
[WARNING]   org.bpy.score.internationalization/1.0.0.202011170544
[INFO] Resolving class path of MavenProject: org.bpy.score:org.bpy.score.reports:1.0.0-SNAPSHOT @ E:\Perso\Dev\Download\perso\projet\Statcrew3\org.bpy.score.reports.parent\org.bpy.score.reports\pom.xml
[INFO] Computing target platform for MavenProject: org.bpy.score:org.bpy.score.reports.tests:1.0.0-SNAPSHOT @ E:\Perso\Dev\Download\perso\projet\Statcrew3\org.bpy.score.reports.parent\org.bpy.score.reports.tests\pom.xml
[INFO] Performing subquery
[INFO] Resolving dependencies of MavenProject: org.bpy.score:org.bpy.score.reports.tests:1.0.0-SNAPSHOT @ E:\Perso\Dev\Download\perso\projet\Statcrew3\org.bpy.score.reports.parent\org.bpy.score.reports.tests\pom.xml
[WARNING] The following locally built units have been used to resolve project dependencies:
[WARNING]   org.bpy.score.graphics/1.0.0.202011170544
[WARNING]   org.bpy.score.engine/1.0.0.202011170544
[WARNING]   org.bpy.score.game.ui/1.0.0.202011170544
[WARNING]   org.bpy.score.game.ide/1.0.0.202011170544
[WARNING]   org.bpy.score.rcp/1.0.0.202011170544
[WARNING]   org.bpy.score.game/1.0.0.202011170544
[WARNING]   org.bpy.score.club/1.0.0.202011170544
[WARNING]   org.bpy.score.club.ide/1.0.0.202011170544
[WARNING]   org.bpy.score.internationalization/1.0.0.202011170544
[INFO] Resolving class path of MavenProject: org.bpy.score:org.bpy.score.reports.tests:1.0.0-SNAPSHOT @ E:\Perso\Dev\Download\perso\projet\Statcrew3\org.bpy.score.reports.parent\org.bpy.score.reports.tests\pom.xml
[INFO] ------------------------------------------------------------------------
[INFO] Reactor Build Order:
[INFO] 
[INFO] org.bpy.score.reports.parent                                       [pom]
[INFO] org.bpy.score.reports                                   [eclipse-plugin]
[INFO] org.bpy.score.reports.tests                        [eclipse-test-plugin]
[INFO] 
[INFO] -------------< org.bpy.score:org.bpy.score.reports.parent >-------------
[INFO] Building org.bpy.score.reports.parent 1.0.0-SNAPSHOT               [1/3]
[INFO] --------------------------------[ pom ]---------------------------------
[INFO] 
[INFO] --- maven-clean-plugin:2.5:clean (default-clean) @ org.bpy.score.reports.parent ---
[INFO] 
[INFO] --- tycho-source-plugin:2.1.0:plugin-source (plugin-source) @ org.bpy.score.reports.parent ---
[INFO] 
[INFO] --- jacoco-maven-plugin:0.8.6:prepare-agent-integration (prepare-integration-tests) @ org.bpy.score.reports.parent ---
[INFO] argLine set to -javaagent:C:\\Users\\uidq0529\\.m2\\repository\\org\\jacoco\\org.jacoco.agent\\0.8.6\\org.jacoco.agent-0.8.6-runtime.jar=destfile=E:\\Perso\\Dev\\Download\\perso\\projet\\Statcrew3\\org.bpy.score.reports.parent\\target\\jacoco-it.exec
[INFO] 
[INFO] --- maven-install-plugin:2.4:install (default-install) @ org.bpy.score.reports.parent ---
[INFO] Installing E:\Perso\Dev\Download\perso\projet\Statcrew3\org.bpy.score.reports.parent\pom.xml to C:\Users\uidq0529\.m2\repository\org\bpy\score\org.bpy.score.reports.parent\1.0.0-SNAPSHOT\org.bpy.score.reports.parent-1.0.0-SNAPSHOT.pom
[INFO] 
[INFO] ----------------< org.bpy.score:org.bpy.score.reports >-----------------
[INFO] Building org.bpy.score.reports 1.0.0-SNAPSHOT                      [2/3]
[INFO] ---------------------------[ eclipse-plugin ]---------------------------
[INFO] 
[INFO] --- maven-clean-plugin:2.5:clean (default-clean) @ org.bpy.score.reports ---
[INFO] Deleting E:\Perso\Dev\Download\perso\projet\Statcrew3\org.bpy.score.reports.parent\org.bpy.score.reports\target
[INFO] 
[INFO] --- tycho-packaging-plugin:2.1.0:build-qualifier (default-build-qualifier) @ org.bpy.score.reports ---
[INFO] The project's OSGi version is 1.0.0.202011181149
[INFO] 
[INFO] --- tycho-packaging-plugin:2.1.0:validate-id (default-validate-id) @ org.bpy.score.reports ---
[INFO] 
[INFO] --- tycho-packaging-plugin:2.1.0:validate-version (default-validate-version) @ org.bpy.score.reports ---
[INFO] 
[INFO] --- maven-resources-plugin:2.4.3:resources (default-resources) @ org.bpy.score.reports ---
[INFO] Using 'windows-1252' encoding to copy filtered resources.
[INFO] skip non existing resourceDirectory E:\Perso\Dev\Download\perso\projet\Statcrew3\org.bpy.score.reports.parent\org.bpy.score.reports\src\main\resources
[INFO] 
[INFO] --- tycho-compiler-plugin:2.1.0:compile (default-compile) @ org.bpy.score.reports ---
[WARNING] The effective compiler target level 11 is incompatible with the following OSGi execution environments: [JavaSE-1.8 (assumes 1.8)] @ MavenProject: org.bpy.score:org.bpy.score.reports:1.0.0-SNAPSHOT @ E:\Perso\Dev\Download\perso\projet\Statcrew3\org.bpy.score.reports.parent\org.bpy.score.reports\pom.xml
[INFO] Compiling 48 source files to E:\Perso\Dev\Download\perso\projet\Statcrew3\org.bpy.score.reports.parent\org.bpy.score.reports\target\classes
[INFO] ------------------------------------------------------------------------
[INFO] Reactor Summary for org.bpy.score.reports.parent 1.0.0-SNAPSHOT:
[INFO] 
[INFO] org.bpy.score.reports.parent ....................... SUCCESS [  0.911 s]
[INFO] org.bpy.score.reports .............................. FAILURE [  5.065 s]
[INFO] org.bpy.score.reports.tests ........................ SKIPPED
[INFO] ------------------------------------------------------------------------
[INFO] BUILD FAILURE
[INFO] ------------------------------------------------------------------------
[INFO] Total time:  24.778 s
[INFO] Finished at: 2020-11-18T12:50:21+01:00
[INFO] ------------------------------------------------------------------------
[ERROR] Failed to execute goal org.eclipse.tycho:tycho-compiler-plugin:2.1.0:compile (default-compile) on project org.bpy.score.reports: Compilation failure: Compilation failure: 
[ERROR] E:\Perso\Dev\Download\perso\projet\Statcrew3\org.bpy.score.reports.parent\org.bpy.score.reports\src\main\java\org\bpy\score\reports\pdf\ScoringSheetManager.java:[39] 
[ERROR] 	import com.itextpdf.text.Document;
[ERROR] 	       ^^^^^^^^^^^^
[ERROR] The import com.itextpdf cannot be resolved
[ERROR] E:\Perso\Dev\Download\perso\projet\Statcrew3\org.bpy.score.reports.parent\org.bpy.score.reports\src\main\java\org\bpy\score\reports\pdf\ScoringSheetManager.java:[40] 
[ERROR] 	import com.itextpdf.text.DocumentException;
[ERROR] 	       ^^^^^^^^^^^^
[ERROR] The import com.itextpdf cannot be resolved
[ERROR] E:\Perso\Dev\Download\perso\projet\Statcrew3\org.bpy.score.reports.parent\org.bpy.score.reports\src\main\java\org\bpy\score\reports\pdf\ScoringSheetManager.java:[41] 
[ERROR] 	import com.itextpdf.text.Element;
[ERROR] 	       ^^^^^^^^^^^^
[ERROR] The import com.itextpdf cannot be resolved
[ERROR] E:\Perso\Dev\Download\perso\projet\Statcrew3\org.bpy.score.reports.parent\org.bpy.score.reports\src\main\java\org\bpy\score\reports\pdf\ScoringSheetManager.java:[42] 
[ERROR] 	import com.itextpdf.text.Font.FontFamily;
[ERROR] 	       ^^^^^^^^^^^^
[ERROR] The import com.itextpdf cannot be resolved
[ERROR] E:\Perso\Dev\Download\perso\projet\Statcrew3\org.bpy.score.reports.parent\org.bpy.score.reports\src\main\java\org\bpy\score\reports\pdf\ScoringSheetManager.java:[43] 
[ERROR] 	import com.itextpdf.text.PageSize;
[ERROR] 	       ^^^^^^^^^^^^
[ERROR] The import com.itextpdf cannot be resolved
[ERROR] E:\Perso\Dev\Download\perso\projet\Statcrew3\org.bpy.score.reports.parent\org.bpy.score.reports\src\main\java\org\bpy\score\reports\pdf\ScoringSheetManager.java:[44] 
[ERROR] 	import com.itextpdf.text.Phrase;
[ERROR] 	       ^^^^^^^^^^^^
[ERROR] The import com.itextpdf cannot be resolved
[ERROR] E:\Perso\Dev\Download\perso\projet\Statcrew3\org.bpy.score.reports.parent\org.bpy.score.reports\src\main\java\org\bpy\score\reports\pdf\ScoringSheetManager.java:[45] 
[ERROR] 	import com.itextpdf.text.pdf.ColumnText;
[ERROR] 	       ^^^^^^^^^^^^
[ERROR] The import com.itextpdf cannot be resolved
[ERROR] E:\Perso\Dev\Download\perso\projet\Statcrew3\org.bpy.score.reports.parent\org.bpy.score.reports\src\main\java\org\bpy\score\reports\pdf\ScoringSheetManager.java:[46] 
[ERROR] 	import com.itextpdf.text.pdf.PdfContentByte;
[ERROR] 	       ^^^^^^^^^^^^
[ERROR] The import com.itextpdf cannot be resolved
[ERROR] E:\Perso\Dev\Download\perso\projet\Statcrew3\org.bpy.score.reports.parent\org.bpy.score.reports\src\main\java\org\bpy\score\reports\pdf\ScoringSheetManager.java:[47] 
[ERROR] 	import com.itextpdf.text.pdf.PdfGState;
[ERROR] 	       ^^^^^^^^^^^^
[ERROR] The import com.itextpdf cannot be resolved
[ERROR] E:\Perso\Dev\Download\perso\projet\Statcrew3\org.bpy.score.reports.parent\org.bpy.score.reports\src\main\java\org\bpy\score\reports\pdf\ScoringSheetManager.java:[48] 
[ERROR] 	import com.itextpdf.text.pdf.PdfWriter;
[ERROR] 	       ^^^^^^^^^^^^
[ERROR] The import com.itextpdf cannot be resolved
[ERROR] E:\Perso\Dev\Download\perso\projet\Statcrew3\org.bpy.score.reports.parent\org.bpy.score.reports\src\main\java\org\bpy\score\reports\pdf\ScoringSheetManager.java:[62] 
[ERROR] 	private Document document;
[ERROR] 	        ^^^^^^^^
[ERROR] Document cannot be resolved to a type
[ERROR] E:\Perso\Dev\Download\perso\projet\Statcrew3\org.bpy.score.reports.parent\org.bpy.score.reports\src\main\java\org\bpy\score\reports\pdf\ScoringSheetManager.java:[64] 
[ERROR] 	private PdfWriter writer;
[ERROR] 	        ^^^^^^^^^
[ERROR] PdfWriter cannot be resolved to a type
[ERROR] E:\Perso\Dev\Download\perso\projet\Statcrew3\org.bpy.score.reports.parent\org.bpy.score.reports\src\main\java\org\bpy\score\reports\pdf\ScoringSheetManager.java:[92] 
[ERROR] 	document = new Document(PageSize.A4.rotate());
[ERROR] 	^^^^^^^^
[ERROR] Document cannot be resolved to a type
[ERROR] E:\Perso\Dev\Download\perso\projet\Statcrew3\org.bpy.score.reports.parent\org.bpy.score.reports\src\main\java\org\bpy\score\reports\pdf\ScoringSheetManager.java:[92] 
[ERROR] 	document = new Document(PageSize.A4.rotate());
[ERROR] 	               ^^^^^^^^
[ERROR] Document cannot be resolved to a type
[ERROR] E:\Perso\Dev\Download\perso\projet\Statcrew3\org.bpy.score.reports.parent\org.bpy.score.reports\src\main\java\org\bpy\score\reports\pdf\ScoringSheetManager.java:[92] 
[ERROR] 	document = new Document(PageSize.A4.rotate());
[ERROR] 	                        ^^^^^^^^
[ERROR] PageSize cannot be resolved
[ERROR] E:\Perso\Dev\Download\perso\projet\Statcrew3\org.bpy.score.reports.parent\org.bpy.score.reports\src\main\java\org\bpy\score\reports\pdf\ScoringSheetManager.java:[102] 
[ERROR] 	writer = PdfWriter.getInstance(document, new FileOutputStream(path + "/" + game.getName() + ".pdf")); //$NON-NLS-1$ //$NON-NLS-2$
[ERROR] 	^^^^^^
[ERROR] PdfWriter cannot be resolved to a type
[ERROR] E:\Perso\Dev\Download\perso\projet\Statcrew3\org.bpy.score.reports.parent\org.bpy.score.reports\src\main\java\org\bpy\score\reports\pdf\ScoringSheetManager.java:[102] 
[ERROR] 	writer = PdfWriter.getInstance(document, new FileOutputStream(path + "/" + game.getName() + ".pdf")); //$NON-NLS-1$ //$NON-NLS-2$
[ERROR] 	         ^^^^^^^^^
[ERROR] PdfWriter cannot be resolved
[ERROR] E:\Perso\Dev\Download\perso\projet\Statcrew3\org.bpy.score.reports.parent\org.bpy.score.reports\src\main\java\org\bpy\score\reports\pdf\ScoringSheetManager.java:[102] 
[ERROR] 	writer = PdfWriter.getInstance(document, new FileOutputStream(path + "/" + game.getName() + ".pdf")); //$NON-NLS-1$ //$NON-NLS-2$
[ERROR] 	                               ^^^^^^^^
[ERROR] Document cannot be resolved to a type
[ERROR] E:\Perso\Dev\Download\perso\projet\Statcrew3\org.bpy.score.reports.parent\org.bpy.score.reports\src\main\java\org\bpy\score\reports\pdf\ScoringSheetManager.java:[104] 
[ERROR] 	writer = PdfWriter.getInstance(document, new FileOutputStream(path + "/FFBS_ScoreSheet_Modele.pdf")); //$NON-NLS-1$
[ERROR] 	^^^^^^
[ERROR] PdfWriter cannot be resolved to a type
[ERROR] E:\Perso\Dev\Download\perso\projet\Statcrew3\org.bpy.score.reports.parent\org.bpy.score.reports\src\main\java\org\bpy\score\reports\pdf\ScoringSheetManager.java:[104] 
[ERROR] 	writer = PdfWriter.getInstance(document, new FileOutputStream(path + "/FFBS_ScoreSheet_Modele.pdf")); //$NON-NLS-1$
[ERROR] 	         ^^^^^^^^^
[ERROR] PdfWriter cannot be resolved
[ERROR] E:\Perso\Dev\Download\perso\projet\Statcrew3\org.bpy.score.reports.parent\org.bpy.score.reports\src\main\java\org\bpy\score\reports\pdf\ScoringSheetManager.java:[104] 
[ERROR] 	writer = PdfWriter.getInstance(document, new FileOutputStream(path + "/FFBS_ScoreSheet_Modele.pdf")); //$NON-NLS-1$
[ERROR] 	                               ^^^^^^^^
[ERROR] Document cannot be resolved to a type
[ERROR] E:\Perso\Dev\Download\perso\projet\Statcrew3\org.bpy.score.reports.parent\org.bpy.score.reports\src\main\java\org\bpy\score\reports\pdf\ScoringSheetManager.java:[106] 
[ERROR] 	document.open();
[ERROR] 	^^^^^^^^
[ERROR] Document cannot be resolved to a type
[ERROR] E:\Perso\Dev\Download\perso\projet\Statcrew3\org.bpy.score.reports.parent\org.bpy.score.reports\src\main\java\org\bpy\score\reports\pdf\ScoringSheetManager.java:[108] 
[ERROR] 	} catch (DocumentException|FileNotFoundException e) {
[ERROR] 	         ^^^^^^^^^^^^^^^^^
[ERROR] DocumentException cannot be resolved to a type
[ERROR] E:\Perso\Dev\Download\perso\projet\Statcrew3\org.bpy.score.reports.parent\org.bpy.score.reports\src\main\java\org\bpy\score\reports\pdf\ScoringSheetManager.java:[108] 
[ERROR] 	} catch (DocumentException|FileNotFoundException e) {
[ERROR] 	         ^^^^^^^^^^^^^^^^^^^^^^^^^^^^^^^^^^^^^^^
[ERROR] No exception of type Object can be thrown; an exception type must be a subclass of Throwable
[ERROR] E:\Perso\Dev\Download\perso\projet\Statcrew3\org.bpy.score.reports.parent\org.bpy.score.reports\src\main\java\org\bpy\score\reports\pdf\ScoringSheetManager.java:[109] 
[ERROR] 	logger.log(Level.SEVERE,e.getMessage());
[ERROR] 	                          ^^^^^^^^^^
[ERROR] The method getMessage() is undefined for the type Object
[ERROR] E:\Perso\Dev\Download\perso\projet\Statcrew3\org.bpy.score.reports.parent\org.bpy.score.reports\src\main\java\org\bpy\score\reports\pdf\ScoringSheetManager.java:[131] 
[ERROR] 	PdfContentByte cb = writer.getDirectContent();
[ERROR] 	^^^^^^^^^^^^^^
[ERROR] PdfContentByte cannot be resolved to a type
[ERROR] E:\Perso\Dev\Download\perso\projet\Statcrew3\org.bpy.score.reports.parent\org.bpy.score.reports\src\main\java\org\bpy\score\reports\pdf\ScoringSheetManager.java:[131] 
[ERROR] 	PdfContentByte cb = writer.getDirectContent();
[ERROR] 	                    ^^^^^^
[ERROR] PdfWriter cannot be resolved to a type
[ERROR] E:\Perso\Dev\Download\perso\projet\Statcrew3\org.bpy.score.reports.parent\org.bpy.score.reports\src\main\java\org\bpy\score\reports\pdf\ScoringSheetManager.java:[132] 
[ERROR] 	g2 = cb.createGraphics(PageSize.A4.getHeight(), PageSize.A4.getWidth());
[ERROR] 	                       ^^^^^^^^
[ERROR] PageSize cannot be resolved
[ERROR] E:\Perso\Dev\Download\perso\projet\Statcrew3\org.bpy.score.reports.parent\org.bpy.score.reports\src\main\java\org\bpy\score\reports\pdf\ScoringSheetManager.java:[132] 
[ERROR] 	g2 = cb.createGraphics(PageSize.A4.getHeight(), PageSize.A4.getWidth());
[ERROR] 	                                                ^^^^^^^^
[ERROR] PageSize cannot be resolved
[ERROR] E:\Perso\Dev\Download\perso\projet\Statcrew3\org.bpy.score.reports.parent\org.bpy.score.reports\src\main\java\org\bpy\score\reports\pdf\ScoringSheetManager.java:[155] 
[ERROR] 	PdfContentByte cb = writer.getDirectContent();
[ERROR] 	^^^^^^^^^^^^^^
[ERROR] PdfContentByte cannot be resolved to a type
[ERROR] E:\Perso\Dev\Download\perso\projet\Statcrew3\org.bpy.score.reports.parent\org.bpy.score.reports\src\main\java\org\bpy\score\reports\pdf\ScoringSheetManager.java:[155] 
[ERROR] 	PdfContentByte cb = writer.getDirectContent();
[ERROR] 	                    ^^^^^^
[ERROR] PdfWriter cannot be resolved to a type
[ERROR] E:\Perso\Dev\Download\perso\projet\Statcrew3\org.bpy.score.reports.parent\org.bpy.score.reports\src\main\java\org\bpy\score\reports\pdf\ScoringSheetManager.java:[156] 
[ERROR] 	g2 = cb.createGraphics(PageSize.A4.getHeight(), PageSize.A4.getWidth());
[ERROR] 	                       ^^^^^^^^
[ERROR] PageSize cannot be resolved
[ERROR] E:\Perso\Dev\Download\perso\projet\Statcrew3\org.bpy.score.reports.parent\org.bpy.score.reports\src\main\java\org\bpy\score\reports\pdf\ScoringSheetManager.java:[156] 
[ERROR] 	g2 = cb.createGraphics(PageSize.A4.getHeight(), PageSize.A4.getWidth());
[ERROR] 	                                                ^^^^^^^^
[ERROR] PageSize cannot be resolved
[ERROR] E:\Perso\Dev\Download\perso\projet\Statcrew3\org.bpy.score.reports.parent\org.bpy.score.reports\src\main\java\org\bpy\score\reports\pdf\ScoringSheetManager.java:[170] 
[ERROR] 	PdfContentByte cb = writer.getDirectContent();
[ERROR] 	^^^^^^^^^^^^^^
[ERROR] PdfContentByte cannot be resolved to a type
[ERROR] E:\Perso\Dev\Download\perso\projet\Statcrew3\org.bpy.score.reports.parent\org.bpy.score.reports\src\main\java\org\bpy\score\reports\pdf\ScoringSheetManager.java:[170] 
[ERROR] 	PdfContentByte cb = writer.getDirectContent();
[ERROR] 	                    ^^^^^^
[ERROR] PdfWriter cannot be resolved to a type
[ERROR] E:\Perso\Dev\Download\perso\projet\Statcrew3\org.bpy.score.reports.parent\org.bpy.score.reports\src\main\java\org\bpy\score\reports\pdf\ScoringSheetManager.java:[171] 
[ERROR] 	g2 = cb.createGraphics(PageSize.A4.getHeight(), PageSize.A4.getWidth());
[ERROR] 	                       ^^^^^^^^
[ERROR] PageSize cannot be resolved
[ERROR] E:\Perso\Dev\Download\perso\projet\Statcrew3\org.bpy.score.reports.parent\org.bpy.score.reports\src\main\java\org\bpy\score\reports\pdf\ScoringSheetManager.java:[171] 
[ERROR] 	g2 = cb.createGraphics(PageSize.A4.getHeight(), PageSize.A4.getWidth());
[ERROR] 	                                                ^^^^^^^^
[ERROR] PageSize cannot be resolved
[ERROR] E:\Perso\Dev\Download\perso\projet\Statcrew3\org.bpy.score.reports.parent\org.bpy.score.reports\src\main\java\org\bpy\score\reports\pdf\ScoringSheetManager.java:[207] 
[ERROR] 	PdfContentByte cb = writer.getDirectContent();
[ERROR] 	^^^^^^^^^^^^^^
[ERROR] PdfContentByte cannot be resolved to a type
[ERROR] E:\Perso\Dev\Download\perso\projet\Statcrew3\org.bpy.score.reports.parent\org.bpy.score.reports\src\main\java\org\bpy\score\reports\pdf\ScoringSheetManager.java:[207] 
[ERROR] 	PdfContentByte cb = writer.getDirectContent();
[ERROR] 	                    ^^^^^^
[ERROR] PdfWriter cannot be resolved to a type
[ERROR] E:\Perso\Dev\Download\perso\projet\Statcrew3\org.bpy.score.reports.parent\org.bpy.score.reports\src\main\java\org\bpy\score\reports\pdf\ScoringSheetManager.java:[208] 
[ERROR] 	g2 = cb.createGraphics(PageSize.A4.getHeight(), PageSize.A4.getWidth());
[ERROR] 	                       ^^^^^^^^
[ERROR] PageSize cannot be resolved
[ERROR] E:\Perso\Dev\Download\perso\projet\Statcrew3\org.bpy.score.reports.parent\org.bpy.score.reports\src\main\java\org\bpy\score\reports\pdf\ScoringSheetManager.java:[208] 
[ERROR] 	g2 = cb.createGraphics(PageSize.A4.getHeight(), PageSize.A4.getWidth());
[ERROR] 	                                                ^^^^^^^^
[ERROR] PageSize cannot be resolved
[ERROR] E:\Perso\Dev\Download\perso\projet\Statcrew3\org.bpy.score.reports.parent\org.bpy.score.reports\src\main\java\org\bpy\score\reports\pdf\ScoringSheetManager.java:[231] 
[ERROR] 	PdfContentByte cb = writer.getDirectContent();
[ERROR] 	^^^^^^^^^^^^^^
[ERROR] PdfContentByte cannot be resolved to a type
[ERROR] E:\Perso\Dev\Download\perso\projet\Statcrew3\org.bpy.score.reports.parent\org.bpy.score.reports\src\main\java\org\bpy\score\reports\pdf\ScoringSheetManager.java:[231] 
[ERROR] 	PdfContentByte cb = writer.getDirectContent();
[ERROR] 	                    ^^^^^^
[ERROR] PdfWriter cannot be resolved to a type
[ERROR] E:\Perso\Dev\Download\perso\projet\Statcrew3\org.bpy.score.reports.parent\org.bpy.score.reports\src\main\java\org\bpy\score\reports\pdf\ScoringSheetManager.java:[232] 
[ERROR] 	g2 = cb.createGraphics(PageSize.A4.getHeight(), PageSize.A4.getWidth());
[ERROR] 	                       ^^^^^^^^
[ERROR] PageSize cannot be resolved
[ERROR] E:\Perso\Dev\Download\perso\projet\Statcrew3\org.bpy.score.reports.parent\org.bpy.score.reports\src\main\java\org\bpy\score\reports\pdf\ScoringSheetManager.java:[232] 
[ERROR] 	g2 = cb.createGraphics(PageSize.A4.getHeight(), PageSize.A4.getWidth());
[ERROR] 	                                                ^^^^^^^^
[ERROR] PageSize cannot be resolved
[ERROR] E:\Perso\Dev\Download\perso\projet\Statcrew3\org.bpy.score.reports.parent\org.bpy.score.reports\src\main\java\org\bpy\score\reports\pdf\ScoringSheetManager.java:[247] 
[ERROR] 	PdfContentByte cb = writer.getDirectContent();
[ERROR] 	^^^^^^^^^^^^^^
[ERROR] PdfContentByte cannot be resolved to a type
[ERROR] E:\Perso\Dev\Download\perso\projet\Statcrew3\org.bpy.score.reports.parent\org.bpy.score.reports\src\main\java\org\bpy\score\reports\pdf\ScoringSheetManager.java:[247] 
[ERROR] 	PdfContentByte cb = writer.getDirectContent();
[ERROR] 	                    ^^^^^^
[ERROR] PdfWriter cannot be resolved to a type
[ERROR] E:\Perso\Dev\Download\perso\projet\Statcrew3\org.bpy.score.reports.parent\org.bpy.score.reports\src\main\java\org\bpy\score\reports\pdf\ScoringSheetManager.java:[248] 
[ERROR] 	g2 = cb.createGraphics(PageSize.A4.getHeight(), PageSize.A4.getWidth());
[ERROR] 	                       ^^^^^^^^
[ERROR] PageSize cannot be resolved
[ERROR] E:\Perso\Dev\Download\perso\projet\Statcrew3\org.bpy.score.reports.parent\org.bpy.score.reports\src\main\java\org\bpy\score\reports\pdf\ScoringSheetManager.java:[248] 
[ERROR] 	g2 = cb.createGraphics(PageSize.A4.getHeight(), PageSize.A4.getWidth());
[ERROR] 	                                                ^^^^^^^^
[ERROR] PageSize cannot be resolved
[ERROR] E:\Perso\Dev\Download\perso\projet\Statcrew3\org.bpy.score.reports.parent\org.bpy.score.reports\src\main\java\org\bpy\score\reports\pdf\ScoringSheetManager.java:[263] 
[ERROR] 	com.itextpdf.text.Font f = new com.itextpdf.text.Font(FontFamily.HELVETICA, 60);
[ERROR] 	^^^^^^^^^^^^
[ERROR] com.itextpdf cannot be resolved to a type
[ERROR] E:\Perso\Dev\Download\perso\projet\Statcrew3\org.bpy.score.reports.parent\org.bpy.score.reports\src\main\java\org\bpy\score\reports\pdf\ScoringSheetManager.java:[263] 
[ERROR] 	com.itextpdf.text.Font f = new com.itextpdf.text.Font(FontFamily.HELVETICA, 60);
[ERROR] 	                               ^^^^^^^^^^^^
[ERROR] com.itextpdf cannot be resolved to a type
[ERROR] E:\Perso\Dev\Download\perso\projet\Statcrew3\org.bpy.score.reports.parent\org.bpy.score.reports\src\main\java\org\bpy\score\reports\pdf\ScoringSheetManager.java:[263] 
[ERROR] 	com.itextpdf.text.Font f = new com.itextpdf.text.Font(FontFamily.HELVETICA, 60);
[ERROR] 	                                                      ^^^^^^^^^^
[ERROR] FontFamily cannot be resolved to a variable
[ERROR] E:\Perso\Dev\Download\perso\projet\Statcrew3\org.bpy.score.reports.parent\org.bpy.score.reports\src\main\java\org\bpy\score\reports\pdf\ScoringSheetManager.java:[264] 
[ERROR] 	Phrase p = new Phrase(rootCause, f);
[ERROR] 	^^^^^^
[ERROR] Phrase cannot be resolved to a type
[ERROR] E:\Perso\Dev\Download\perso\projet\Statcrew3\org.bpy.score.reports.parent\org.bpy.score.reports\src\main\java\org\bpy\score\reports\pdf\ScoringSheetManager.java:[264] 
[ERROR] 	Phrase p = new Phrase(rootCause, f);
[ERROR] 	               ^^^^^^
[ERROR] Phrase cannot be resolved to a type
[ERROR] E:\Perso\Dev\Download\perso\projet\Statcrew3\org.bpy.score.reports.parent\org.bpy.score.reports\src\main\java\org\bpy\score\reports\pdf\ScoringSheetManager.java:[266] 
[ERROR] 	PdfGState gs1 = new PdfGState();
[ERROR] 	^^^^^^^^^
[ERROR] PdfGState cannot be resolved to a type
[ERROR] E:\Perso\Dev\Download\perso\projet\Statcrew3\org.bpy.score.reports.parent\org.bpy.score.reports\src\main\java\org\bpy\score\reports\pdf\ScoringSheetManager.java:[266] 
[ERROR] 	PdfGState gs1 = new PdfGState();
[ERROR] 	                    ^^^^^^^^^
[ERROR] PdfGState cannot be resolved to a type
[ERROR] E:\Perso\Dev\Download\perso\projet\Statcrew3\org.bpy.score.reports.parent\org.bpy.score.reports\src\main\java\org\bpy\score\reports\pdf\ScoringSheetManager.java:[269] 
[ERROR] 	PdfContentByte cb = writer.getDirectContent();
[ERROR] 	^^^^^^^^^^^^^^
[ERROR] PdfContentByte cannot be resolved to a type
[ERROR] E:\Perso\Dev\Download\perso\projet\Statcrew3\org.bpy.score.reports.parent\org.bpy.score.reports\src\main\java\org\bpy\score\reports\pdf\ScoringSheetManager.java:[269] 
[ERROR] 	PdfContentByte cb = writer.getDirectContent();
[ERROR] 	                    ^^^^^^
[ERROR] PdfWriter cannot be resolved to a type
[ERROR] E:\Perso\Dev\Download\perso\projet\Statcrew3\org.bpy.score.reports.parent\org.bpy.score.reports\src\main\java\org\bpy\score\reports\pdf\ScoringSheetManager.java:[270] 
[ERROR] 	com.itextpdf.text.Rectangle pageSize = writer.getPageSize();
[ERROR] 	^^^^^^^^^^^^
[ERROR] com.itextpdf cannot be resolved to a type
[ERROR] E:\Perso\Dev\Download\perso\projet\Statcrew3\org.bpy.score.reports.parent\org.bpy.score.reports\src\main\java\org\bpy\score\reports\pdf\ScoringSheetManager.java:[270] 
[ERROR] 	com.itextpdf.text.Rectangle pageSize = writer.getPageSize();
[ERROR] 	                                       ^^^^^^
[ERROR] PdfWriter cannot be resolved to a type
[ERROR] E:\Perso\Dev\Download\perso\projet\Statcrew3\org.bpy.score.reports.parent\org.bpy.score.reports\src\main\java\org\bpy\score\reports\pdf\ScoringSheetManager.java:[276] 
[ERROR] 	ColumnText.showTextAligned(cb, Element.ALIGN_CENTER, p, x, y, 0);
[ERROR] 	^^^^^^^^^^
[ERROR] ColumnText cannot be resolved
[ERROR] E:\Perso\Dev\Download\perso\projet\Statcrew3\org.bpy.score.reports.parent\org.bpy.score.reports\src\main\java\org\bpy\score\reports\pdf\ScoringSheetManager.java:[276] 
[ERROR] 	ColumnText.showTextAligned(cb, Element.ALIGN_CENTER, p, x, y, 0);
[ERROR] 	                               ^^^^^^^
[ERROR] Element cannot be resolved to a variable
[ERROR] E:\Perso\Dev\Download\perso\projet\Statcrew3\org.bpy.score.reports.parent\org.bpy.score.reports\src\main\java\org\bpy\score\reports\pdf\ScoringSheetManager.java:[282] 
[ERROR] 	document.newPage();
[ERROR] 	^^^^^^^^
[ERROR] Document cannot be resolved to a type
[ERROR] E:\Perso\Dev\Download\perso\projet\Statcrew3\org.bpy.score.reports.parent\org.bpy.score.reports\src\main\java\org\bpy\score\reports\pdf\ScoringSheetManager.java:[292] 
[ERROR] 	document.close();
[ERROR] 	^^^^^^^^
[ERROR] Document cannot be resolved to a type
[ERROR] 64 problems (64 errors)
[ERROR] -> [Help 1]
[ERROR] 
[ERROR] To see the full stack trace of the errors, re-run Maven with the -e switch.
[ERROR] Re-run Maven using the -X switch to enable full debug logging.
[ERROR] 
[ERROR] For more information about the errors and possible solutions, please read the following articles:
[ERROR] [Help 1] http://cwiki.apache.org/confluence/display/MAVEN/MojoFailureException
[ERROR] 
[ERROR] After correcting the problems, you can resume the build with the command
[ERROR]   mvn <args> -rf :org.bpy.score.reports
